[2024/08/09 16:38:00] - | Dataset: Mnist, Method: IID|
[2024/08/09 16:38:01] - | Global Training Epoch : 1 |
[2024/08/09 16:38:10] - Training Loss: 1.44, Train Accuracy: 88.33%
[2024/08/09 16:38:10] - | Global Training Epoch : 2 |
[2024/08/09 16:38:19] - Training Loss: 1.02, Train Accuracy: 91.67%
[2024/08/09 16:38:19] - | Global Training Epoch : 3 |
[2024/08/09 16:38:28] - Training Loss: 0.83, Train Accuracy: 90.00%
[2024/08/09 16:38:28] - | Global Training Epoch : 4 |
[2024/08/09 16:38:38] - Training Loss: 0.72, Train Accuracy: 98.33%
[2024/08/09 16:38:38] - | Global Training Epoch : 5 |
[2024/08/09 16:38:47] - Training Loss: 0.64, Train Accuracy: 96.67%
[2024/08/09 16:38:47] - | Global Training Epoch : 6 |
[2024/08/09 16:38:57] - Training Loss: 0.58, Train Accuracy: 98.33%
[2024/08/09 16:38:57] - | Global Training Epoch : 7 |
[2024/08/09 16:39:06] - Training Loss: 0.53, Train Accuracy: 98.33%
[2024/08/09 16:39:06] - | Global Training Epoch : 8 |
[2024/08/09 16:39:15] - Training Loss: 0.50, Train Accuracy: 93.33%
[2024/08/09 16:39:15] - | Global Training Epoch : 9 |
[2024/08/09 16:39:25] - Training Loss: 0.47, Train Accuracy: 96.67%
[2024/08/09 16:39:25] - | Global Training Epoch : 10 |
[2024/08/09 16:39:35] - Training Loss: 0.44, Train Accuracy: 96.67%
[2024/08/09 16:39:35] - Results after 10 global rounds of training:
[2024/08/09 16:39:35] - |---- Avg Train Accuracy: 96.67%
[2024/08/09 16:39:35] - |---- Test Accuracy: 97.22%
[2024/08/09 16:39:35] - |---- Test Loss: 7.33
[2024/08/09 16:39:35] - Results saved at: ./checkpoint/Mnist/WRN34_10
[2024/08/09 16:44:51] - | Model Archetecture: WRN34_10, Dataset: Mnist, Distribution: IID|
[2024/08/09 16:44:51] - 
[2024/08/09 16:44:59] - | Global Training Epoch : 1 | Loss: 1.35, Accuracy: 83.33%
