[2024/08/09 13:59:59] - | Global Training Round : 1 |
[2024/08/09 14:03:13] - | Global Training Round : 1 |
[2024/08/09 14:03:35] - | Global Training Round : 1 |
[2024/08/09 14:03:46] - | Global Training Round : 2 |
[2024/08/09 14:03:58] - | Global Training Round : 3 |
[2024/08/09 14:04:11] - | Global Training Round : 4 |
[2024/08/09 14:04:25] - | Global Training Round : 5 |
[2024/08/09 14:04:38] - | Global Training Round : 6 |
[2024/08/09 14:04:51] - | Global Training Round : 7 |
[2024/08/09 14:05:04] - | Global Training Round : 8 |
[2024/08/09 14:05:18] - | Global Training Round : 9 |
[2024/08/09 14:05:32] - | Global Training Round : 10 |
[2024/08/09 14:06:48] - | Global Training Round : 1 |
[2024/08/09 14:07:04] - | Global Training Round : 2 |
[2024/08/09 14:07:17] - | Global Training Round : 3 |
[2024/08/09 14:07:31] - | Global Training Round : 4 |
[2024/08/09 14:07:45] - | Global Training Round : 5 |
[2024/08/09 14:07:59] - | Global Training Round : 6 |
[2024/08/09 14:08:13] - | Global Training Round : 7 |
[2024/08/09 14:08:26] - | Global Training Round : 8 |
[2024/08/09 14:08:41] - | Global Training Round : 9 |
[2024/08/09 14:08:57] - | Global Training Round : 10 |
[2024/08/09 14:09:17] -  
 Results after 10 global rounds of training:
[2024/08/09 14:09:17] - |---- Avg Train Accuracy: 6.00%
[2024/08/09 14:09:17] - |---- Test Accuracy: 31.63%
[2024/08/09 14:09:17] - |---- Test Loss: 148.95
[2024/08/09 14:09:17] - 
 Results saved at: ./checkpoint/CIFAR10/WRN34_10/checkpoint.pth
[2024/08/09 14:16:09] - | Global Training Round : 1 |
[2024/08/09 14:16:26] - | Global Training Round : 2 |
[2024/08/09 14:16:44] - | Global Training Round : 3 |
[2024/08/09 14:17:00] - | Global Training Round : 4 |
[2024/08/09 14:17:16] - | Global Training Round : 5 |
[2024/08/09 14:17:32] - | Global Training Round : 6 |
[2024/08/09 14:17:46] - | Global Training Round : 7 |
[2024/08/09 14:18:02] - | Global Training Round : 8 |
[2024/08/09 14:18:17] - | Global Training Round : 9 |
[2024/08/09 14:18:32] - | Global Training Round : 10 |
[2024/08/09 14:18:48] -  
 Results after 10 global rounds of training:
[2024/08/09 14:18:48] - |---- Avg Train Accuracy: 50.00%
[2024/08/09 14:18:48] - |---- Test Accuracy: 47.22%
[2024/08/09 14:18:48] - |---- Test Loss: 163.67
[2024/08/09 14:18:48] - 
 Results saved at: ./checkpoint/CIFAR10/WRN34_10/checkpoint.pth
[2024/08/09 15:30:32] - | Global Training Round : 1 |
[2024/08/09 15:30:49] - | Global Training Round : 2 |
[2024/08/09 15:31:04] - | Global Training Round : 3 |
[2024/08/09 15:31:19] - | Global Training Round : 4 |
[2024/08/09 15:31:34] - | Global Training Round : 5 |
[2024/08/09 15:31:51] - | Global Training Round : 6 |
[2024/08/09 15:32:07] - | Global Training Round : 7 |
[2024/08/09 15:32:23] - | Global Training Round : 8 |
[2024/08/09 15:32:40] - | Global Training Round : 9 |
[2024/08/09 15:32:56] - | Global Training Round : 10 |
[2024/08/09 15:33:12] -  
 Results after 10 global rounds of training:
[2024/08/09 15:33:12] - |---- Avg Train Accuracy: 26.00%
[2024/08/09 15:33:12] - |---- Test Accuracy: 32.65%
[2024/08/09 15:33:12] - |---- Test Loss: 164.14
[2024/08/09 15:33:12] - 
 Results saved at: ./checkpoint/CIFAR10/WRN34_10/checkpoint.pth
[2024/08/09 15:34:41] - | Global Training Round : 1 |
[2024/08/09 15:34:49] - | Global Training Round : 2 |
[2024/08/09 15:34:58] - | Global Training Round : 3 |
[2024/08/09 15:35:06] - | Global Training Round : 4 |
[2024/08/09 15:35:15] - | Global Training Round : 5 |
[2024/08/09 15:35:23] - | Global Training Round : 6 |
[2024/08/09 15:35:32] - | Global Training Round : 7 |
[2024/08/09 15:35:40] - | Global Training Round : 8 |
[2024/08/09 15:35:50] - | Global Training Round : 9 |
[2024/08/09 15:35:59] - | Global Training Round : 10 |
[2024/08/09 15:36:08] -  
 Results after 10 global rounds of training:
[2024/08/09 15:36:08] - |---- Avg Train Accuracy: 14.00%
[2024/08/09 15:36:08] - |---- Test Accuracy: 10.00%
[2024/08/09 15:36:08] - |---- Test Loss: 182.08
[2024/08/09 15:36:08] - 
 Results saved at: ./checkpoint/CIFAR10/WRN34_10/checkpoint.pth
[2024/08/09 15:40:26] - | Global Training Round : 1 |
[2024/08/09 15:40:35] - | Global Training Round : 1 |
[2024/08/09 15:40:43] - | Global Training Round : 2 |
[2024/08/09 15:40:52] - | Global Training Round : 3 |
[2024/08/09 15:41:00] - | Global Training Round : 4 |
[2024/08/09 15:41:08] - | Global Training Round : 5 |
[2024/08/09 15:41:16] - | Global Training Round : 6 |
[2024/08/09 15:41:24] - | Global Training Round : 7 |
[2024/08/09 15:41:32] - | Global Training Round : 8 |
[2024/08/09 15:41:40] - | Global Training Round : 9 |
[2024/08/09 15:41:48] - | Global Training Round : 10 |
[2024/08/09 15:41:57] - | Global Training Round : 11 |
[2024/08/09 15:42:05] - | Global Training Round : 12 |
[2024/08/09 15:42:13] - | Global Training Round : 13 |
[2024/08/09 15:42:21] - | Global Training Round : 14 |
[2024/08/09 15:42:29] - | Global Training Round : 15 |
[2024/08/09 15:42:37] - | Global Training Round : 16 |
[2024/08/09 15:42:45] - | Global Training Round : 17 |
[2024/08/09 15:42:53] - | Global Training Round : 18 |
[2024/08/09 15:43:01] - | Global Training Round : 19 |
[2024/08/09 15:43:10] - | Global Training Round : 20 |
[2024/08/09 15:43:19] - | Global Training Round : 21 |
[2024/08/09 15:43:27] - | Global Training Round : 22 |
[2024/08/09 15:43:35] - | Global Training Round : 23 |
[2024/08/09 15:43:43] - | Global Training Round : 24 |
[2024/08/09 15:43:52] - | Global Training Round : 25 |
[2024/08/09 15:44:00] - | Global Training Round : 26 |
[2024/08/09 15:44:09] - | Global Training Round : 27 |
[2024/08/09 15:44:17] - | Global Training Round : 28 |
[2024/08/09 15:44:25] - | Global Training Round : 29 |
[2024/08/09 15:44:34] - | Global Training Round : 30 |
[2024/08/09 15:44:43] - | Global Training Round : 31 |
[2024/08/09 15:44:51] - | Global Training Round : 32 |
[2024/08/09 15:45:00] - | Global Training Round : 33 |
[2024/08/09 15:45:08] - | Global Training Round : 34 |
[2024/08/09 15:45:16] - | Global Training Round : 35 |
[2024/08/09 15:45:25] - | Global Training Round : 36 |
[2024/08/09 15:45:33] - | Global Training Round : 37 |
[2024/08/09 15:45:41] - | Global Training Round : 38 |
[2024/08/09 15:45:49] - | Global Training Round : 39 |
[2024/08/09 15:45:57] - | Global Training Round : 40 |
[2024/08/09 15:46:05] - | Global Training Round : 41 |
[2024/08/09 15:46:13] - | Global Training Round : 42 |
[2024/08/09 15:46:21] - | Global Training Round : 43 |
[2024/08/09 15:46:30] - | Global Training Round : 44 |
[2024/08/09 15:46:38] - | Global Training Round : 45 |
[2024/08/09 15:46:46] - | Global Training Round : 46 |
[2024/08/09 15:46:54] - | Global Training Round : 47 |
[2024/08/09 15:47:02] - | Global Training Round : 48 |
[2024/08/09 15:47:10] - | Global Training Round : 49 |
[2024/08/09 15:47:18] - | Global Training Round : 50 |
[2024/08/09 15:47:27] - | Global Training Round : 51 |
[2024/08/09 15:47:35] - | Global Training Round : 52 |
[2024/08/09 15:47:43] - | Global Training Round : 53 |
[2024/08/09 15:47:52] - | Global Training Round : 54 |
[2024/08/09 15:48:00] - | Global Training Round : 55 |
[2024/08/09 15:48:08] - | Global Training Round : 56 |
[2024/08/09 15:48:16] - | Global Training Round : 57 |
[2024/08/09 15:48:24] - | Global Training Round : 58 |
[2024/08/09 15:48:32] - | Global Training Round : 59 |
[2024/08/09 15:48:40] - | Global Training Round : 60 |
[2024/08/09 15:48:49] - | Global Training Round : 61 |
